<?xml version="1.0" encoding="UTF-8"?>
<!-- Generated by org.testng.reporters.JUnitReportReporter -->
<testsuite hostname="Tushar-PC" failures="0" tests="2" name="com.careerhack.runner.TestRunner" time="0.257" errors="0" timestamp="20 Feb 2022 01:37:51 GMT" skipped="0">
  <testcase classname="com.careerhack.runner.TestRunner" name="runScenario" time="0.007"/>
  <testcase classname="com.careerhack.runner.TestRunner" name="runScenario" time="0.250"/>
</testsuite> <!-- com.careerhack.runner.TestRunner -->
